<?xml version="1.0" encoding="UTF-8"?>
<!-- Generated by org.testng.reporters.JUnitXMLReporter -->
<testsuite hostname="DESKTOP-0M1MH5T" ignored="0" name="RestAssuredTest" tests="4" failures="0" timestamp="2020-02-08T08:40:41 IST" time="10.83" errors="0">
  <testcase name="getListOfUsersTest" time="6.823" classname="com.io.qa.testcases.GetListOfUsersTest"/>
  <testcase name="createUserTest" time="2.199" classname="com.io.qa.testcases.CreateUserTest"/>
  <testcase name="updateUserTest" time="0.864" classname="com.io.qa.testcases.UpdateUserTest"/>
  <testcase name="deleteUserTest" time="0.851" classname="com.io.qa.testcases.DeleteUserTest"/>
</testsuite> <!-- RestAssuredTest -->
